<?xml version="1.0" encoding="UTF-8"?>
<!-- Generated by org.testng.reporters.JUnitXMLReporter -->
<testsuite ignored="2" hostname="LTPC0K7AG1" failures="4" tests="8" name="Test2" time="1.215" errors="0" timestamp="06 Sep 2019 04:06:21 GMT">
  <testcase classname="com.UIFramwork.Hitachi.FSA.TestScript.Test1" name="testLogin" time="0.015"/>
  <testcase classname="com.UIFramwork.Hitachi.FSA.TestScript.Test1" name="testLogin1" time="0.003">
    <failure type="java.lang.AssertionError" message="expected [true] but found [false]">
      <![CDATA[java.lang.AssertionError: expected [true] but found [false]
at com.UIFramwork.Hitachi.FSA.Helper.Assertion.AssertionHelper.makeFalse(AssertionHelper.java:27)
at com.UIFramwork.Hitachi.FSA.TestScript.Test1.testLogin1(Test1.java:17)
... Removed 29 stack frames]]>
    </failure>
  </testcase> <!-- testLogin1 -->
  <testcase classname="com.UIFramwork.Hitachi.FSA.TestScript.Test1" name="testLogin2" time="0.002"/>
  <testcase classname="com.UIFramwork.Hitachi.FSA.TestScript.Test1" name="testLogin3" time="0.002">
    <failure type="java.lang.AssertionError" message="expected [true] but found [false]">
      <![CDATA[java.lang.AssertionError: expected [true] but found [false]
at com.UIFramwork.Hitachi.FSA.Helper.Assertion.AssertionHelper.makeFalse(AssertionHelper.java:27)
at com.UIFramwork.Hitachi.FSA.TestScript.Test1.testLogin3(Test1.java:27)
... Removed 29 stack frames]]>
    </failure>
  </testcase> <!-- testLogin3 -->
  <testcase classname="com.UIFramwork.Hitachi.FSA.TestScript.Test2" name="testLogin" time="0.004"/>
  <testcase classname="com.UIFramwork.Hitachi.FSA.TestScript.Test2" name="testLogin1" time="0.001">
    <failure type="java.lang.AssertionError" message="expected [true] but found [false]">
      <![CDATA[java.lang.AssertionError: expected [true] but found [false]
at com.UIFramwork.Hitachi.FSA.Helper.Assertion.AssertionHelper.makeFalse(AssertionHelper.java:27)
at com.UIFramwork.Hitachi.FSA.TestScript.Test2.testLogin1(Test2.java:16)
... Removed 29 stack frames]]>
    </failure>
  </testcase> <!-- testLogin1 -->
  <testcase classname="com.UIFramwork.Hitachi.FSA.TestScript.Test2" name="testLogin2" time="0.004"/>
  <testcase classname="com.UIFramwork.Hitachi.FSA.TestScript.Test2" name="testLogin3" time="0.007">
    <failure type="java.lang.AssertionError" message="expected [true] but found [false]">
      <![CDATA[java.lang.AssertionError: expected [true] but found [false]
at com.UIFramwork.Hitachi.FSA.Helper.Assertion.AssertionHelper.makeFalse(AssertionHelper.java:27)
at com.UIFramwork.Hitachi.FSA.TestScript.Test2.testLogin3(Test2.java:26)
... Removed 29 stack frames]]>
    </failure>
  </testcase> <!-- testLogin3 -->
  <testcase classname="com.UIFramwork.Hitachi.FSA.TestBase.Testbase" name="@BeforeSuite beforeSuit" time="0.0">
    <ignored/>
  </testcase> <!-- @BeforeSuite beforeSuit -->
  <testcase classname="com.UIFramwork.Hitachi.FSA.TestBase.Testbase" name="@BeforeTest BeforeTest" time="0.0">
    <ignored/>
  </testcase> <!-- @BeforeTest BeforeTest -->
</testsuite> <!-- Test2 -->
