<?xml version="1.0" encoding="UTF-8"?>
<!-- Generated by org.testng.reporters.JUnitXMLReporter -->
<testsuite ignored="1" hostname="LTPC0K7AG1" failures="0" tests="8" name="Test2" time="1.011" errors="0" timestamp="25 Jul 2019 11:36:47 GMT">
  <testcase classname="com.UIFramwork.Hitachi.FSA.TestScript.Test1" name="testLogin" time="0.009"/>
  <testcase classname="com.UIFramwork.Hitachi.FSA.TestScript.Test1" name="testLogin1" time="0.001"/>
  <testcase classname="com.UIFramwork.Hitachi.FSA.TestScript.Test1" name="testLogin2" time="0.003"/>
  <testcase classname="com.UIFramwork.Hitachi.FSA.TestScript.Test1" name="testLogin3" time="0.003"/>
  <testcase classname="com.UIFramwork.Hitachi.FSA.TestScript.Test2" name="testLogin" time="0.001"/>
  <testcase classname="com.UIFramwork.Hitachi.FSA.TestScript.Test2" name="testLogin1" time="0.001"/>
  <testcase classname="com.UIFramwork.Hitachi.FSA.TestScript.Test2" name="testLogin2" time="0.003"/>
  <testcase classname="com.UIFramwork.Hitachi.FSA.TestScript.Test2" name="testLogin3" time="0.002"/>
  <testcase classname="com.UIFramwork.Hitachi.FSA.TestBase.Testbase" name="@BeforeSuite beforeSuit" time="0.0">
    <ignored/>
  </testcase> <!-- @BeforeSuite beforeSuit -->
</testsuite> <!-- Test2 -->
