<?xml version="1.0" encoding="UTF-8"?>
<!-- Generated by org.testng.reporters.JUnitXMLReporter -->
<testsuite ignored="0" hostname="LTPC0K7AG1" failures="1" tests="1" name="Test" time="0.112" errors="0" timestamp="28 Aug 2019 14:13:35 GMT">
  <testcase classname="com.UIFramework.A" name="Test1" time="0.03">
    <failure type="java.lang.AssertionError" message="expected [false] but found [true]">
      <![CDATA[java.lang.AssertionError: expected [false] but found [true]
at com.UIFramework.A.Test1(A.java:9)
... Removed 29 stack frames]]>
    </failure>
  </testcase> <!-- Test1 -->
</testsuite> <!-- Test -->
