<?xml version="1.0" encoding="UTF-8"?>
<!-- Generated by org.testng.reporters.JUnitXMLReporter -->
<testsuite ignored="0" hostname="LTPC0K7AG1" failures="1" tests="1" name="FirstTest" time="0.037" errors="0" timestamp="07 Sep 2019 08:17:01 GMT">
  <testcase classname="com.UIFramework.A" name="Test1" time="0.008">
    <failure type="java.lang.AssertionError" message="expected [false] but found [true]">
      <![CDATA[java.lang.AssertionError: expected [false] but found [true]
at com.UIFramework.A.Test1(A.java:12)
... Removed 29 stack frames]]>
    </failure>
  </testcase> <!-- Test1 -->
</testsuite> <!-- FirstTest -->
