<?xml version="1.0" encoding="UTF-8"?>
<testng-results ignored="0" total="1" passed="1" failed="0" skipped="0">
  <reporter-output>
  </reporter-output>
  <suite started-at="2019-09-06T09:03:24Z" name="Default suite" finished-at="2019-09-06T09:03:24Z" duration-ms="92">
    <groups>
    </groups>
    <test started-at="2019-09-06T09:03:24Z" name="Default test" finished-at="2019-09-06T09:03:24Z" duration-ms="92">
      <class name="com.UIFramwork.Hitachi.FSA.Helper.Resource.resourceHelper">
        <test-method signature="getpath()[pri:0, instance:com.UIFramwork.Hitachi.FSA.Helper.Resource.resourceHelper@15761df8]" started-at="2019-09-06T09:03:24Z" name="getpath" finished-at="2019-09-06T09:03:24Z" duration-ms="38" status="PASS">
          <reporter-output>
          </reporter-output>
        </test-method> <!-- getpath -->
      </class> <!-- com.UIFramwork.Hitachi.FSA.Helper.Resource.resourceHelper -->
    </test> <!-- Default test -->
  </suite> <!-- Default suite -->
</testng-results>
