<?xml version="1.0" encoding="UTF-8"?>
<testng-results ignored="0" total="3" passed="2" failed="1" skipped="0">
  <reporter-output>
    <line>
      <![CDATA[captureScreen method called]]>
    </line>
    <line>
      <![CDATA[<a href='C:\Users\ajha\git\UIFramework\UIFramework\src\main\Resources\ScrenShot\blank_08_09_2019_03_26_57.png'><img src='C:\Users\ajha\git\UIFramework\UIFramework\src\main\Resources\ScrenShot\blank_08_09_2019_03_26_57.png'height='100' width='100'/></a>]]>
    </line>
    <line>
      <![CDATA[captureScreen method called]]>
    </line>
    <line>
      <![CDATA[<a href='C:\Users\ajha\git\UIFramework\UIFramework\src\main\Resources\ScrenShot\blank_08_09_2019_03_27_03.png'><img src='C:\Users\ajha\git\UIFramework\UIFramework\src\main\Resources\ScrenShot\blank_08_09_2019_03_27_03.png'height='100' width='100'/></a>]]>
    </line>
    <line>
      <![CDATA[captureScreen method called]]>
    </line>
    <line>
      <![CDATA[<a href='C:\Users\ajha\git\UIFramework\UIFramework\src\main\Resources\ScrenShot\blank_08_09_2019_03_27_31.png'><img src='C:\Users\ajha\git\UIFramework\UIFramework\src\main\Resources\ScrenShot\blank_08_09_2019_03_27_31.png'height='100' width='100'/></a>]]>
    </line>
    <line>
      <![CDATA[captureScreen method called]]>
    </line>
    <line>
      <![CDATA[<a href='C:\Users\ajha\git\UIFramework\UIFramework\src\main\Resources\ScrenShot\blank_08_09_2019_03_27_38.png'><img src='C:\Users\ajha\git\UIFramework\UIFramework\src\main\Resources\ScrenShot\blank_08_09_2019_03_27_38.png'height='100' width='100'/></a>]]>
    </line>
    <line>
      <![CDATA[captureScreen method called]]>
    </line>
    <line>
      <![CDATA[<a href='C:\Users\ajha\git\UIFramework\UIFramework\src\main\Resources\ScrenShot\blank_08_09_2019_03_27_45.png'><img src='C:\Users\ajha\git\UIFramework\UIFramework\src\main\Resources\ScrenShot\blank_08_09_2019_03_27_45.png'height='100' width='100'/></a>]]>
    </line>
    <line>
      <![CDATA[captureScreen method called]]>
    </line>
    <line>
      <![CDATA[<a href='C:\Users\ajha\git\UIFramework\UIFramework\src\main\Resources\ScrenShot\blank_08_09_2019_03_28_06.png'><img src='C:\Users\ajha\git\UIFramework\UIFramework\src\main\Resources\ScrenShot\blank_08_09_2019_03_28_06.png'height='100' width='100'/></a>]]>
    </line>
    <line>
      <![CDATA[captureScreen method called]]>
    </line>
    <line>
      <![CDATA[<a href='C:\Users\ajha\git\UIFramework\UIFramework\src\main\Resources\ScrenShot\blank_08_09_2019_03_28_11.png'><img src='C:\Users\ajha\git\UIFramework\UIFramework\src\main\Resources\ScrenShot\blank_08_09_2019_03_28_11.png'height='100' width='100'/></a>]]>
    </line>
    <line>
      <![CDATA[captureScreen method called]]>
    </line>
    <line>
      <![CDATA[<a href='C:\Users\ajha\git\UIFramework\UIFramework\src\main\Resources\ScrenShot\verifyLowestFirstPriceListInProduct_deatilsPage_08_09_2019_03_28_20.png'><img src='C:\Users\ajha\git\UIFramework\UIFramework\src\main\Resources\ScrenShot\verifyLowestFirstPriceListInProduct_deatilsPage_08_09_2019_03_28_20.png'height='100' width='100'/></a>]]>
    </line>
  </reporter-output>
  <suite started-at="2019-09-08T09:56:38Z" name="AllTest" finished-at="2019-09-08T09:58:21Z" duration-ms="103573">
    <groups>
    </groups>
    <test started-at="2019-09-08T09:56:38Z" name="LoginTest" finished-at="2019-09-08T09:57:05Z" duration-ms="27571">
      <class name="com.UIFramwork.Hitachi.FSA.TestScript.LoginPage.LoginTest">
        <test-method is-config="true" signature="beforeTest()[pri:0, instance:com.UIFramwork.Hitachi.FSA.TestScript.LoginPage.LoginTest@dbf57b3]" started-at="2019-09-08T09:56:38Z" name="beforeTest" finished-at="2019-09-08T09:56:48Z" duration-ms="10684" status="PASS">
          <reporter-output>
          </reporter-output>
        </test-method> <!-- beforeTest -->
        <test-method is-config="true" signature="beforeMethod(java.lang.reflect.Method)[pri:0, instance:com.UIFramwork.Hitachi.FSA.TestScript.LoginPage.LoginTest@dbf57b3]" started-at="2019-09-08T09:56:49Z" name="beforeMethod" finished-at="2019-09-08T09:56:49Z" duration-ms="24" status="PASS">
          <params>
            <param index="0">
              <value>
                <![CDATA[public void com.UIFramwork.Hitachi.FSA.TestScript.LoginPage.LoginTest.testLoginToApplication()]]>
              </value>
            </param>
          </params>
          <reporter-output>
          </reporter-output>
        </test-method> <!-- beforeMethod -->
        <test-method signature="testLoginToApplication()[pri:0, instance:com.UIFramwork.Hitachi.FSA.TestScript.LoginPage.LoginTest@dbf57b3]" started-at="2019-09-08T09:56:49Z" name="testLoginToApplication" description="Login test with valid credentials" finished-at="2019-09-08T09:57:04Z" duration-ms="15283" status="PASS">
          <reporter-output>
            <line>
              <![CDATA[captureScreen method called]]>
            </line>
            <line>
              <![CDATA[<a href='C:\Users\ajha\git\UIFramework\UIFramework\src\main\Resources\ScrenShot\blank_08_09_2019_03_26_57.png'><img src='C:\Users\ajha\git\UIFramework\UIFramework\src\main\Resources\ScrenShot\blank_08_09_2019_03_26_57.png'height='100' width='100'/></a>]]>
            </line>
            <line>
              <![CDATA[captureScreen method called]]>
            </line>
            <line>
              <![CDATA[<a href='C:\Users\ajha\git\UIFramework\UIFramework\src\main\Resources\ScrenShot\blank_08_09_2019_03_27_03.png'><img src='C:\Users\ajha\git\UIFramework\UIFramework\src\main\Resources\ScrenShot\blank_08_09_2019_03_27_03.png'height='100' width='100'/></a>]]>
            </line>
          </reporter-output>
        </test-method> <!-- testLoginToApplication -->
        <test-method is-config="true" signature="afterMethod(org.testng.ITestResult)[pri:0, instance:com.UIFramwork.Hitachi.FSA.TestScript.LoginPage.LoginTest@dbf57b3]" started-at="2019-09-08T09:57:04Z" name="afterMethod" finished-at="2019-09-08T09:57:04Z" duration-ms="548" status="PASS">
          <params>
            <param index="0">
              <value>
                <![CDATA[[TestResult name=testLoginToApplication status=SUCCESS method=LoginTest.testLoginToApplication()[pri:0, instance:com.UIFramwork.Hitachi.FSA.TestScript.LoginPage.LoginTest@dbf57b3] output=captureScreen method called]]]>
              </value>
            </param>
          </params>
          <reporter-output>
          </reporter-output>
        </test-method> <!-- afterMethod -->
        <test-method is-config="true" signature="afterTest()[pri:0, instance:com.UIFramwork.Hitachi.FSA.TestScript.LoginPage.LoginTest@dbf57b3]" started-at="2019-09-08T09:57:04Z" name="afterTest" finished-at="2019-09-08T09:57:05Z" duration-ms="942" status="PASS">
          <reporter-output>
          </reporter-output>
        </test-method> <!-- afterTest -->
      </class> <!-- com.UIFramwork.Hitachi.FSA.TestScript.LoginPage.LoginTest -->
    </test> <!-- LoginTest -->
    <test started-at="2019-09-08T09:57:05Z" name="RegistrationTest" finished-at="2019-09-08T09:57:46Z" duration-ms="41021">
      <class name="com.UIFramwork.Hitachi.FSA.TestScript.Registration.RegistrationTest">
        <test-method is-config="true" signature="beforeTest()[pri:0, instance:com.UIFramwork.Hitachi.FSA.TestScript.Registration.RegistrationTest@6379eb]" started-at="2019-09-08T09:57:05Z" name="beforeTest" finished-at="2019-09-08T09:57:15Z" duration-ms="9636" status="PASS">
          <reporter-output>
          </reporter-output>
        </test-method> <!-- beforeTest -->
        <test-method is-config="true" signature="beforeMethod(java.lang.reflect.Method)[pri:0, instance:com.UIFramwork.Hitachi.FSA.TestScript.Registration.RegistrationTest@6379eb]" started-at="2019-09-08T09:57:15Z" name="beforeMethod" finished-at="2019-09-08T09:57:15Z" duration-ms="1" status="PASS">
          <params>
            <param index="0">
              <value>
                <![CDATA[public void com.UIFramwork.Hitachi.FSA.TestScript.Registration.RegistrationTest.doRegistration()]]>
              </value>
            </param>
          </params>
          <reporter-output>
          </reporter-output>
        </test-method> <!-- beforeMethod -->
        <test-method signature="doRegistration()[pri:0, instance:com.UIFramwork.Hitachi.FSA.TestScript.Registration.RegistrationTest@6379eb]" started-at="2019-09-08T09:57:15Z" name="doRegistration" finished-at="2019-09-08T09:57:45Z" duration-ms="30220" status="PASS">
          <reporter-output>
            <line>
              <![CDATA[captureScreen method called]]>
            </line>
            <line>
              <![CDATA[<a href='C:\Users\ajha\git\UIFramework\UIFramework\src\main\Resources\ScrenShot\blank_08_09_2019_03_27_31.png'><img src='C:\Users\ajha\git\UIFramework\UIFramework\src\main\Resources\ScrenShot\blank_08_09_2019_03_27_31.png'height='100' width='100'/></a>]]>
            </line>
            <line>
              <![CDATA[captureScreen method called]]>
            </line>
            <line>
              <![CDATA[<a href='C:\Users\ajha\git\UIFramework\UIFramework\src\main\Resources\ScrenShot\blank_08_09_2019_03_27_38.png'><img src='C:\Users\ajha\git\UIFramework\UIFramework\src\main\Resources\ScrenShot\blank_08_09_2019_03_27_38.png'height='100' width='100'/></a>]]>
            </line>
            <line>
              <![CDATA[captureScreen method called]]>
            </line>
            <line>
              <![CDATA[<a href='C:\Users\ajha\git\UIFramework\UIFramework\src\main\Resources\ScrenShot\blank_08_09_2019_03_27_45.png'><img src='C:\Users\ajha\git\UIFramework\UIFramework\src\main\Resources\ScrenShot\blank_08_09_2019_03_27_45.png'height='100' width='100'/></a>]]>
            </line>
          </reporter-output>
        </test-method> <!-- doRegistration -->
        <test-method is-config="true" signature="afterMethod(org.testng.ITestResult)[pri:0, instance:com.UIFramwork.Hitachi.FSA.TestScript.Registration.RegistrationTest@6379eb]" started-at="2019-09-08T09:57:45Z" name="afterMethod" finished-at="2019-09-08T09:57:45Z" duration-ms="104" status="PASS">
          <params>
            <param index="0">
              <value>
                <![CDATA[[TestResult name=doRegistration status=SUCCESS method=RegistrationTest.doRegistration()[pri:0, instance:com.UIFramwork.Hitachi.FSA.TestScript.Registration.RegistrationTest@6379eb] output=captureScreen method called]]]>
              </value>
            </param>
          </params>
          <reporter-output>
          </reporter-output>
        </test-method> <!-- afterMethod -->
        <test-method is-config="true" signature="afterTest()[pri:0, instance:com.UIFramwork.Hitachi.FSA.TestScript.Registration.RegistrationTest@6379eb]" started-at="2019-09-08T09:57:45Z" name="afterTest" finished-at="2019-09-08T09:57:46Z" duration-ms="1056" status="PASS">
          <reporter-output>
          </reporter-output>
        </test-method> <!-- afterTest -->
      </class> <!-- com.UIFramwork.Hitachi.FSA.TestScript.Registration.RegistrationTest -->
    </test> <!-- RegistrationTest -->
    <test started-at="2019-09-08T09:57:46Z" name="VeriFyLowestPriceFiltrer" finished-at="2019-09-08T09:58:21Z" duration-ms="34896">
      <class name="com.UIFramwork.Hitachi.FSA.TestScript.Productdescription.VerifyLowestPriceFilter">
        <test-method is-config="true" signature="beforeSuite()[pri:0, instance:com.UIFramwork.Hitachi.FSA.TestScript.Productdescription.VerifyLowestPriceFilter@5b239d7d]" started-at="2019-09-08T09:56:38Z" name="beforeSuite" finished-at="2019-09-08T09:56:38Z" duration-ms="173" status="PASS">
          <reporter-output>
          </reporter-output>
        </test-method> <!-- beforeSuite -->
        <test-method is-config="true" signature="beforeTest()[pri:0, instance:com.UIFramwork.Hitachi.FSA.TestScript.Productdescription.VerifyLowestPriceFilter@5b239d7d]" started-at="2019-09-08T09:57:46Z" name="beforeTest" finished-at="2019-09-08T09:57:56Z" duration-ms="9825" status="PASS">
          <reporter-output>
          </reporter-output>
        </test-method> <!-- beforeTest -->
        <test-method is-config="true" signature="beforeMethod(java.lang.reflect.Method)[pri:0, instance:com.UIFramwork.Hitachi.FSA.TestScript.Productdescription.VerifyLowestPriceFilter@5b239d7d]" started-at="2019-09-08T09:57:56Z" name="beforeMethod" finished-at="2019-09-08T09:57:56Z" duration-ms="1" status="PASS">
          <params>
            <param index="0">
              <value>
                <![CDATA[public void com.UIFramwork.Hitachi.FSA.TestScript.Productdescription.VerifyLowestPriceFilter.verifyLowestFirstPriceListInProduct_deatilsPage() throws java.lang.InterruptedException]]>
              </value>
            </param>
          </params>
          <reporter-output>
          </reporter-output>
        </test-method> <!-- beforeMethod -->
        <test-method signature="verifyLowestFirstPriceListInProduct_deatilsPage()[pri:0, instance:com.UIFramwork.Hitachi.FSA.TestScript.Productdescription.VerifyLowestPriceFilter@5b239d7d]" started-at="2019-09-08T09:57:56Z" name="verifyLowestFirstPriceListInProduct_deatilsPage" finished-at="2019-09-08T09:58:20Z" duration-ms="23724" status="FAIL">
          <exception class="java.lang.AssertionError">
            <message>
              <![CDATA[expected [true] but found [false]]]>
            </message>
            <full-stacktrace>
              <![CDATA[java.lang.AssertionError: expected [true] but found [false]
at org.testng.Assert.fail(Assert.java:96)
at org.testng.Assert.failNotEquals(Assert.java:776)
at org.testng.Assert.assertTrue(Assert.java:44)
at org.testng.Assert.assertTrue(Assert.java:54)
at com.UIFramwork.Hitachi.FSA.Helper.Assertion.AssertionHelper.fail(AssertionHelper.java:55)
at com.UIFramwork.Hitachi.FSA.Helper.Assertion.AssertionHelper.updateTestStatus(AssertionHelper.java:66)
at com.UIFramwork.Hitachi.FSA.TestScript.Productdescription.VerifyLowestPriceFilter.verifyLowestFirstPriceListInProduct_deatilsPage(VerifyLowestPriceFilter.java:43)
at java.base/jdk.internal.reflect.NativeMethodAccessorImpl.invoke0(Native Method)
at java.base/jdk.internal.reflect.NativeMethodAccessorImpl.invoke(NativeMethodAccessorImpl.java:62)
at java.base/jdk.internal.reflect.DelegatingMethodAccessorImpl.invoke(DelegatingMethodAccessorImpl.java:43)
at java.base/java.lang.reflect.Method.invoke(Method.java:567)
at org.testng.internal.MethodInvocationHelper.invokeMethod(MethodInvocationHelper.java:124)
at org.testng.internal.Invoker.invokeMethod(Invoker.java:583)
at org.testng.internal.Invoker.invokeTestMethod(Invoker.java:719)
at org.testng.internal.Invoker.invokeTestMethods(Invoker.java:989)
at org.testng.internal.TestMethodWorker.invokeTestMethods(TestMethodWorker.java:125)
at org.testng.internal.TestMethodWorker.run(TestMethodWorker.java:109)
at org.testng.TestRunner.privateRun(TestRunner.java:648)
at org.testng.TestRunner.run(TestRunner.java:505)
at org.testng.SuiteRunner.runTest(SuiteRunner.java:455)
at org.testng.SuiteRunner.runSequentially(SuiteRunner.java:450)
at org.testng.SuiteRunner.privateRun(SuiteRunner.java:415)
at org.testng.SuiteRunner.run(SuiteRunner.java:364)
at org.testng.SuiteRunnerWorker.runSuite(SuiteRunnerWorker.java:52)
at org.testng.SuiteRunnerWorker.run(SuiteRunnerWorker.java:84)
at org.testng.TestNG.runSuitesSequentially(TestNG.java:1208)
at org.testng.TestNG.runSuitesLocally(TestNG.java:1137)
at org.testng.TestNG.runSuites(TestNG.java:1049)
at org.testng.TestNG.run(TestNG.java:1017)
at org.testng.remote.AbstractRemoteTestNG.run(AbstractRemoteTestNG.java:115)
at org.testng.remote.RemoteTestNG.initAndRun(RemoteTestNG.java:251)
at org.testng.remote.RemoteTestNG.main(RemoteTestNG.java:77)
]]>
            </full-stacktrace>
          </exception> <!-- java.lang.AssertionError -->
          <reporter-output>
            <line>
              <![CDATA[captureScreen method called]]>
            </line>
            <line>
              <![CDATA[<a href='C:\Users\ajha\git\UIFramework\UIFramework\src\main\Resources\ScrenShot\blank_08_09_2019_03_28_06.png'><img src='C:\Users\ajha\git\UIFramework\UIFramework\src\main\Resources\ScrenShot\blank_08_09_2019_03_28_06.png'height='100' width='100'/></a>]]>
            </line>
            <line>
              <![CDATA[captureScreen method called]]>
            </line>
            <line>
              <![CDATA[<a href='C:\Users\ajha\git\UIFramework\UIFramework\src\main\Resources\ScrenShot\blank_08_09_2019_03_28_11.png'><img src='C:\Users\ajha\git\UIFramework\UIFramework\src\main\Resources\ScrenShot\blank_08_09_2019_03_28_11.png'height='100' width='100'/></a>]]>
            </line>
          </reporter-output>
        </test-method> <!-- verifyLowestFirstPriceListInProduct_deatilsPage -->
        <test-method is-config="true" signature="afterMethod(org.testng.ITestResult)[pri:0, instance:com.UIFramwork.Hitachi.FSA.TestScript.Productdescription.VerifyLowestPriceFilter@5b239d7d]" started-at="2019-09-08T09:58:20Z" name="afterMethod" finished-at="2019-09-08T09:58:20Z" duration-ms="396" status="PASS">
          <params>
            <param index="0">
              <value>
                <![CDATA[[TestResult name=verifyLowestFirstPriceListInProduct_deatilsPage status=FAILURE method=VerifyLowestPriceFilter.verifyLowestFirstPriceListInProduct_deatilsPage()[pri:0, instance:com.UIFramwork.Hitachi.FSA.TestScript.Productdescription.VerifyLowestPriceFilter@5b239d7d] output=captureScreen method called]]]>
              </value>
            </param>
          </params>
          <reporter-output>
            <line>
              <![CDATA[captureScreen method called]]>
            </line>
            <line>
              <![CDATA[<a href='C:\Users\ajha\git\UIFramework\UIFramework\src\main\Resources\ScrenShot\verifyLowestFirstPriceListInProduct_deatilsPage_08_09_2019_03_28_20.png'><img src='C:\Users\ajha\git\UIFramework\UIFramework\src\main\Resources\ScrenShot\verifyLowestFirstPriceListInProduct_deatilsPage_08_09_2019_03_28_20.png'height='100' width='100'/></a>]]>
            </line>
          </reporter-output>
        </test-method> <!-- afterMethod -->
        <test-method is-config="true" signature="afterTest()[pri:0, instance:com.UIFramwork.Hitachi.FSA.TestScript.Productdescription.VerifyLowestPriceFilter@5b239d7d]" started-at="2019-09-08T09:58:20Z" name="afterTest" finished-at="2019-09-08T09:58:21Z" duration-ms="945" status="PASS">
          <reporter-output>
          </reporter-output>
        </test-method> <!-- afterTest -->
      </class> <!-- com.UIFramwork.Hitachi.FSA.TestScript.Productdescription.VerifyLowestPriceFilter -->
    </test> <!-- VeriFyLowestPriceFiltrer -->
  </suite> <!-- AllTest -->
</testng-results>
