<?xml version="1.0" encoding="UTF-8"?>
<!-- Generated by org.testng.reporters.JUnitXMLReporter -->
<testsuite ignored="0" hostname="LTPC0K7AG1" failures="1" tests="1" name="VeriFyLowestPriceFiltrer" time="34.896" errors="0" timestamp="08 Sep 2019 09:58:21 GMT">
  <testcase classname="com.UIFramwork.Hitachi.FSA.TestScript.Productdescription.VerifyLowestPriceFilter" name="verifyLowestFirstPriceListInProduct_deatilsPage" time="23.724">
    <failure type="java.lang.AssertionError" message="expected [true] but found [false]">
      <![CDATA[java.lang.AssertionError: expected [true] but found [false]
at com.UIFramwork.Hitachi.FSA.Helper.Assertion.AssertionHelper.fail(AssertionHelper.java:55)
at com.UIFramwork.Hitachi.FSA.Helper.Assertion.AssertionHelper.updateTestStatus(AssertionHelper.java:66)
at com.UIFramwork.Hitachi.FSA.TestScript.Productdescription.VerifyLowestPriceFilter.verifyLowestFirstPriceListInProduct_deatilsPage(VerifyLowestPriceFilter.java:43)
... Removed 29 stack frames]]>
    </failure>
  </testcase> <!-- verifyLowestFirstPriceListInProduct_deatilsPage -->
</testsuite> <!-- VeriFyLowestPriceFiltrer -->
