<?xml version="1.0" encoding="UTF-8"?>
<!-- Generated by org.testng.reporters.JUnitXMLReporter -->
<testsuite ignored="0" hostname="LTPC0K7AG1" failures="0" tests="4" name="Default test" time="0.724" errors="0" timestamp="25 Jul 2019 11:21:02 GMT">
  <testcase classname="com.UIFramwork.Hitachi.FSA.TestScript.Test1" name="testLogin" time="0.015"/>
  <testcase classname="com.UIFramwork.Hitachi.FSA.TestScript.Test1" name="testLogin1" time="0.002"/>
  <testcase classname="com.UIFramwork.Hitachi.FSA.TestScript.Test1" name="testLogin2" time="0.004"/>
  <testcase classname="com.UIFramwork.Hitachi.FSA.TestScript.Test1" name="testLogin3" time="0.003"/>
</testsuite> <!-- Default test -->
